INFO	2024-08-05 18:16:57	CreateSequenceDictionary	Output dictionary will be written in ../data/hg38.dict
18:16:58.014 INFO  NativeLibraryLoader - Loading libgkl_compression.so from jar:file:/shared/centos7/gatk/4.1.4.0/gatk-package-4.1.4.0-local.jar!/com/intel/gkl/native/libgkl_compression.so
[Mon Aug 05 18:16:58 EDT 2024] CreateSequenceDictionary  --REFERENCE ../data/hg38.fa  --TRUNCATE_NAMES_AT_WHITESPACE true --NUM_SEQUENCES 2147483647 --VERBOSITY INFO --QUIET false --VALIDATION_STRINGENCY STRICT --COMPRESSION_LEVEL 2 --MAX_RECORDS_IN_RAM 500000 --CREATE_INDEX false --CREATE_MD5_FILE false --GA4GH_CLIENT_SECRETS client_secrets.json --help false --version false --showHidden false --USE_JDK_DEFLATER false --USE_JDK_INFLATER false
Aug 05, 2024 6:16:58 PM shaded.cloud_nio.com.google.auth.oauth2.ComputeEngineCredentials runningOnComputeEngine
INFO: Failed to detect whether we are running on Google Compute Engine.
[Mon Aug 05 18:16:58 EDT 2024] Executing as aitken.n@c0227 on Linux 3.10.0-1160.25.1.el7.x86_64 amd64; OpenJDK 64-Bit Server VM 1.8.0_152-release-1056-b12; Deflater: Intel; Inflater: Intel; Provider GCS is available; Picard version: Version:4.1.4.0
[Mon Aug 05 18:16:58 EDT 2024] picard.sam.CreateSequenceDictionary done. Elapsed time: 0.01 minutes.
Runtime.totalMemory()=2037907456
To get help, see http://broadinstitute.github.io/picard/index.html#GettingHelp
picard.PicardException: /scratch/aitken.n/data/bioinfo_fastq/scripts/../data/hg38.dict already exists.  Delete this file and try again, or specify a different output file.
	at picard.sam.CreateSequenceDictionary.doWork(CreateSequenceDictionary.java:220)
	at picard.cmdline.CommandLineProgram.instanceMain(CommandLineProgram.java:305)
	at org.broadinstitute.hellbender.cmdline.PicardCommandLineProgramExecutor.instanceMain(PicardCommandLineProgramExecutor.java:25)
	at org.broadinstitute.hellbender.Main.runCommandLineProgram(Main.java:163)
	at org.broadinstitute.hellbender.Main.mainEntry(Main.java:206)
	at org.broadinstitute.hellbender.Main.main(Main.java:292)
/shared/centos7/gatk/4.1.4.0/bin/gatk:80: SyntaxWarning: "is" with a literal. Did you mean "=="?
  if len(args) is 0 or (len(args) is 1 and (args[0] == "--help" or args[0] == "-h")):
/shared/centos7/gatk/4.1.4.0/bin/gatk:80: SyntaxWarning: "is" with a literal. Did you mean "=="?
  if len(args) is 0 or (len(args) is 1 and (args[0] == "--help" or args[0] == "-h")):
/shared/centos7/gatk/4.1.4.0/bin/gatk:117: SyntaxWarning: "is" with a literal. Did you mean "=="?
  if len(args) is 1 and args[0] == "--list":
/shared/centos7/gatk/4.1.4.0/bin/gatk:308: SyntaxWarning: "is" with a literal. Did you mean "=="?
  if call(["gsutil", "-q", "stat", gcsjar]) is 0:
/shared/centos7/gatk/4.1.4.0/bin/gatk:312: SyntaxWarning: "is" with a literal. Did you mean "=="?
  if call(["gsutil", "cp", jar, gcsjar]) is 0:
/shared/centos7/gatk/4.1.4.0/bin/gatk:467: SyntaxWarning: "is not" with a literal. Did you mean "!="?
  if not len(properties) is 0:
/shared/centos7/gatk/4.1.4.0/bin/gatk:471: SyntaxWarning: "is not" with a literal. Did you mean "!="?
  if not len(filesToAdd) is 0:
Using GATK jar /shared/centos7/gatk/4.1.4.0/gatk-package-4.1.4.0-local.jar
Running:
    java -Dsamjdk.use_async_io_read_samtools=false -Dsamjdk.use_async_io_write_samtools=true -Dsamjdk.use_async_io_write_tribble=false -Dsamjdk.compression_level=2 -jar /shared/centos7/gatk/4.1.4.0/gatk-package-4.1.4.0-local.jar CreateSequenceDictionary -R ../data/hg38.fa
18:17:13.818 INFO  NativeLibraryLoader - Loading libgkl_compression.so from jar:file:/shared/centos7/gatk/4.1.4.0/gatk-package-4.1.4.0-local.jar!/com/intel/gkl/native/libgkl_compression.so
[Mon Aug 05 18:17:13 EDT 2024] MarkDuplicates  --INPUT ../output/VC/VC_sorting/BM002B_A_S1_L001_sorted.bam --OUTPUT ../output/VC/VC_dedup_recal/BM002B_A_S1_L001_dedup.bam --METRICS_FILE BM002B_A_S1_L001_metrics.txt  --MAX_SEQUENCES_FOR_DISK_READ_ENDS_MAP 50000 --MAX_FILE_HANDLES_FOR_READ_ENDS_MAP 8000 --SORTING_COLLECTION_SIZE_RATIO 0.25 --TAG_DUPLICATE_SET_MEMBERS false --REMOVE_SEQUENCING_DUPLICATES false --TAGGING_POLICY DontTag --CLEAR_DT true --DUPLEX_UMI false --ADD_PG_TAG_TO_READS true --REMOVE_DUPLICATES false --ASSUME_SORTED false --DUPLICATE_SCORING_STRATEGY SUM_OF_BASE_QUALITIES --PROGRAM_RECORD_ID MarkDuplicates --PROGRAM_GROUP_NAME MarkDuplicates --READ_NAME_REGEX <optimized capture of last three ':' separated fields as numeric values> --OPTICAL_DUPLICATE_PIXEL_DISTANCE 100 --MAX_OPTICAL_DUPLICATE_SET_SIZE 300000 --VERBOSITY INFO --QUIET false --VALIDATION_STRINGENCY STRICT --COMPRESSION_LEVEL 2 --MAX_RECORDS_IN_RAM 500000 --CREATE_INDEX false --CREATE_MD5_FILE false --GA4GH_CLIENT_SECRETS client_secrets.json --help false --version false --showHidden false --USE_JDK_DEFLATER false --USE_JDK_INFLATER false
Aug 05, 2024 6:17:13 PM shaded.cloud_nio.com.google.auth.oauth2.ComputeEngineCredentials runningOnComputeEngine
INFO: Failed to detect whether we are running on Google Compute Engine.
[Mon Aug 05 18:17:14 EDT 2024] Executing as aitken.n@c0227 on Linux 3.10.0-1160.25.1.el7.x86_64 amd64; OpenJDK 64-Bit Server VM 1.8.0_152-release-1056-b12; Deflater: Intel; Inflater: Intel; Provider GCS is available; Picard version: Version:4.1.4.0
INFO	2024-08-05 18:17:14	MarkDuplicates	Start of doWork freeMemory: 2197978784; totalMemory: 2223505408; maxMemory: 28631367680
INFO	2024-08-05 18:17:14	MarkDuplicates	Reading input file and constructing read end information.
INFO	2024-08-05 18:17:14	MarkDuplicates	Will retain up to 103736839 data points before spilling to disk.
INFO	2024-08-05 18:17:19	MarkDuplicates	Read     1,000,000 records.  Elapsed time: 00:00:05s.  Time for last 1,000,000:    5s.  Last read position: chr1:2,686,730
INFO	2024-08-05 18:17:19	MarkDuplicates	Tracking 12082 as yet unmatched pairs. 1098 records in RAM.
INFO	2024-08-05 18:17:23	MarkDuplicates	Read     2,000,000 records.  Elapsed time: 00:00:09s.  Time for last 1,000,000:    3s.  Last read position: chr1:5,297,016
INFO	2024-08-05 18:17:23	MarkDuplicates	Tracking 19033 as yet unmatched pairs. 433 records in RAM.
INFO	2024-08-05 18:17:26	MarkDuplicates	Read     3,000,000 records.  Elapsed time: 00:00:12s.  Time for last 1,000,000:    3s.  Last read position: chr1:7,881,661
INFO	2024-08-05 18:17:26	MarkDuplicates	Tracking 24956 as yet unmatched pairs. 528 records in RAM.
INFO	2024-08-05 18:17:30	MarkDuplicates	Read     4,000,000 records.  Elapsed time: 00:00:16s.  Time for last 1,000,000:    3s.  Last read position: chr1:10,467,333
INFO	2024-08-05 18:17:30	MarkDuplicates	Tracking 30628 as yet unmatched pairs. 658 records in RAM.
INFO	2024-08-05 18:17:34	MarkDuplicates	Read     5,000,000 records.  Elapsed time: 00:00:19s.  Time for last 1,000,000:    3s.  Last read position: chr1:13,245,335
INFO	2024-08-05 18:17:34	MarkDuplicates	Tracking 36089 as yet unmatched pairs. 764 records in RAM.
INFO	2024-08-05 18:17:37	MarkDuplicates	Read     6,000,000 records.  Elapsed time: 00:00:22s.  Time for last 1,000,000:    2s.  Last read position: chr1:15,876,452
INFO	2024-08-05 18:17:37	MarkDuplicates	Tracking 41230 as yet unmatched pairs. 848 records in RAM.
INFO	2024-08-05 18:17:41	MarkDuplicates	Read     7,000,000 records.  Elapsed time: 00:00:26s.  Time for last 1,000,000:    4s.  Last read position: chr1:17,958,432
INFO	2024-08-05 18:17:41	MarkDuplicates	Tracking 46914 as yet unmatched pairs. 1192 records in RAM.
INFO	2024-08-05 18:17:44	MarkDuplicates	Read     8,000,000 records.  Elapsed time: 00:00:29s.  Time for last 1,000,000:    2s.  Last read position: chr1:20,527,389
INFO	2024-08-05 18:17:44	MarkDuplicates	Tracking 52019 as yet unmatched pairs. 1243 records in RAM.
INFO	2024-08-05 18:17:48	MarkDuplicates	Read     9,000,000 records.  Elapsed time: 00:00:33s.  Time for last 1,000,000:    4s.  Last read position: chr1:23,112,081
INFO	2024-08-05 18:17:48	MarkDuplicates	Tracking 57725 as yet unmatched pairs. 1313 records in RAM.
INFO	2024-08-05 18:17:51	MarkDuplicates	Read    10,000,000 records.  Elapsed time: 00:00:36s.  Time for last 1,000,000:    2s.  Last read position: chr1:25,722,242
INFO	2024-08-05 18:17:51	MarkDuplicates	Tracking 63068 as yet unmatched pairs. 1397 records in RAM.
INFO	2024-08-05 18:17:54	MarkDuplicates	Read    11,000,000 records.  Elapsed time: 00:00:39s.  Time for last 1,000,000:    3s.  Last read position: chr1:28,274,609
INFO	2024-08-05 18:17:54	MarkDuplicates	Tracking 68662 as yet unmatched pairs. 1501 records in RAM.
INFO	2024-08-05 18:17:58	MarkDuplicates	Read    12,000,000 records.  Elapsed time: 00:00:43s.  Time for last 1,000,000:    3s.  Last read position: chr1:30,893,363
INFO	2024-08-05 18:17:58	MarkDuplicates	Tracking 74497 as yet unmatched pairs. 1584 records in RAM.
INFO	2024-08-05 18:18:00	MarkDuplicates	Read    13,000,000 records.  Elapsed time: 00:00:46s.  Time for last 1,000,000:    2s.  Last read position: chr1:33,466,172
INFO	2024-08-05 18:18:00	MarkDuplicates	Tracking 79777 as yet unmatched pairs. 1656 records in RAM.
INFO	2024-08-05 18:18:04	MarkDuplicates	Read    14,000,000 records.  Elapsed time: 00:00:50s.  Time for last 1,000,000:    3s.  Last read position: chr1:36,082,796
INFO	2024-08-05 18:18:04	MarkDuplicates	Tracking 84775 as yet unmatched pairs. 1716 records in RAM.
INFO	2024-08-05 18:18:07	MarkDuplicates	Read    15,000,000 records.  Elapsed time: 00:00:53s.  Time for last 1,000,000:    2s.  Last read position: chr1:38,672,865
INFO	2024-08-05 18:18:07	MarkDuplicates	Tracking 89864 as yet unmatched pairs. 1774 records in RAM.
INFO	2024-08-05 18:18:10	MarkDuplicates	Read    16,000,000 records.  Elapsed time: 00:00:56s.  Time for last 1,000,000:    3s.  Last read position: chr1:41,269,642
INFO	2024-08-05 18:18:10	MarkDuplicates	Tracking 94867 as yet unmatched pairs. 1806 records in RAM.
INFO	2024-08-05 18:18:15	MarkDuplicates	Read    17,000,000 records.  Elapsed time: 00:01:01s.  Time for last 1,000,000:    5s.  Last read position: chr1:43,865,359
INFO	2024-08-05 18:18:15	MarkDuplicates	Tracking 100061 as yet unmatched pairs. 1836 records in RAM.
INFO	2024-08-05 18:18:18	MarkDuplicates	Read    18,000,000 records.  Elapsed time: 00:01:04s.  Time for last 1,000,000:    2s.  Last read position: chr1:46,471,580
INFO	2024-08-05 18:18:18	MarkDuplicates	Tracking 105583 as yet unmatched pairs. 1857 records in RAM.
INFO	2024-08-05 18:18:21	MarkDuplicates	Read    19,000,000 records.  Elapsed time: 00:01:07s.  Time for last 1,000,000:    2s.  Last read position: chr1:49,124,759
INFO	2024-08-05 18:18:21	MarkDuplicates	Tracking 110756 as yet unmatched pairs. 1882 records in RAM.
INFO	2024-08-05 18:18:31	MarkDuplicates	Read    20,000,000 records.  Elapsed time: 00:01:17s.  Time for last 1,000,000:   10s.  Last read position: chr1:51,847,882
INFO	2024-08-05 18:18:31	MarkDuplicates	Tracking 116028 as yet unmatched pairs. 1901 records in RAM.
INFO	2024-08-05 18:18:35	MarkDuplicates	Read    21,000,000 records.  Elapsed time: 00:01:20s.  Time for last 1,000,000:    3s.  Last read position: chr1:54,468,212
INFO	2024-08-05 18:18:35	MarkDuplicates	Tracking 121629 as yet unmatched pairs. 1962 records in RAM.
INFO	2024-08-05 18:18:38	MarkDuplicates	Read    22,000,000 records.  Elapsed time: 00:01:24s.  Time for last 1,000,000:    3s.  Last read position: chr1:57,146,508
INFO	2024-08-05 18:18:38	MarkDuplicates	Tracking 126453 as yet unmatched pairs. 1959 records in RAM.
INFO	2024-08-05 18:18:41	MarkDuplicates	Read    23,000,000 records.  Elapsed time: 00:01:27s.  Time for last 1,000,000:    2s.  Last read position: chr1:59,846,341
INFO	2024-08-05 18:18:41	MarkDuplicates	Tracking 131501 as yet unmatched pairs. 1988 records in RAM.
INFO	2024-08-05 18:18:46	MarkDuplicates	Read    24,000,000 records.  Elapsed time: 00:01:31s.  Time for last 1,000,000:    4s.  Last read position: chr1:62,565,787
INFO	2024-08-05 18:18:46	MarkDuplicates	Tracking 136913 as yet unmatched pairs. 2009 records in RAM.
INFO	2024-08-05 18:18:49	MarkDuplicates	Read    25,000,000 records.  Elapsed time: 00:01:34s.  Time for last 1,000,000:    2s.  Last read position: chr1:65,289,513
INFO	2024-08-05 18:18:49	MarkDuplicates	Tracking 142315 as yet unmatched pairs. 2052 records in RAM.
INFO	2024-08-05 18:18:51	MarkDuplicates	Read    26,000,000 records.  Elapsed time: 00:01:37s.  Time for last 1,000,000:    2s.  Last read position: chr1:68,035,168
INFO	2024-08-05 18:18:51	MarkDuplicates	Tracking 147617 as yet unmatched pairs. 2066 records in RAM.
INFO	2024-08-05 18:18:55	MarkDuplicates	Read    27,000,000 records.  Elapsed time: 00:01:40s.  Time for last 1,000,000:    3s.  Last read position: chr1:70,838,236
INFO	2024-08-05 18:18:55	MarkDuplicates	Tracking 152965 as yet unmatched pairs. 2113 records in RAM.
INFO	2024-08-05 18:18:59	MarkDuplicates	Read    28,000,000 records.  Elapsed time: 00:01:44s.  Time for last 1,000,000:    4s.  Last read position: chr1:73,713,995
INFO	2024-08-05 18:18:59	MarkDuplicates	Tracking 158517 as yet unmatched pairs. 2190 records in RAM.
INFO	2024-08-05 18:19:02	MarkDuplicates	Read    29,000,000 records.  Elapsed time: 00:01:47s.  Time for last 1,000,000:    2s.  Last read position: chr1:76,505,033
INFO	2024-08-05 18:19:02	MarkDuplicates	Tracking 163962 as yet unmatched pairs. 2183 records in RAM.
INFO	2024-08-05 18:19:05	MarkDuplicates	Read    30,000,000 records.  Elapsed time: 00:01:50s.  Time for last 1,000,000:    2s.  Last read position: chr1:79,275,405
INFO	2024-08-05 18:19:05	MarkDuplicates	Tracking 169175 as yet unmatched pairs. 2201 records in RAM.
INFO	2024-08-05 18:19:08	MarkDuplicates	Read    31,000,000 records.  Elapsed time: 00:01:53s.  Time for last 1,000,000:    2s.  Last read position: chr1:82,103,186
INFO	2024-08-05 18:19:08	MarkDuplicates	Tracking 174539 as yet unmatched pairs. 2222 records in RAM.
INFO	2024-08-05 18:19:12	MarkDuplicates	Read    32,000,000 records.  Elapsed time: 00:01:58s.  Time for last 1,000,000:    4s.  Last read position: chr1:84,887,191
INFO	2024-08-05 18:19:12	MarkDuplicates	Tracking 179641 as yet unmatched pairs. 2233 records in RAM.
INFO	2024-08-05 18:19:15	MarkDuplicates	Read    33,000,000 records.  Elapsed time: 00:02:00s.  Time for last 1,000,000:    2s.  Last read position: chr1:87,634,355
INFO	2024-08-05 18:19:15	MarkDuplicates	Tracking 185077 as yet unmatched pairs. 2236 records in RAM.
INFO	2024-08-05 18:19:18	MarkDuplicates	Read    34,000,000 records.  Elapsed time: 00:02:03s.  Time for last 1,000,000:    2s.  Last read position: chr1:90,386,802
INFO	2024-08-05 18:19:18	MarkDuplicates	Tracking 190290 as yet unmatched pairs. 2251 records in RAM.
INFO	2024-08-05 18:19:21	MarkDuplicates	Read    35,000,000 records.  Elapsed time: 00:02:06s.  Time for last 1,000,000:    2s.  Last read position: chr1:93,120,995
INFO	2024-08-05 18:19:21	MarkDuplicates	Tracking 195739 as yet unmatched pairs. 2271 records in RAM.
INFO	2024-08-05 18:19:25	MarkDuplicates	Read    36,000,000 records.  Elapsed time: 00:02:10s.  Time for last 1,000,000:    4s.  Last read position: chr1:95,844,012
INFO	2024-08-05 18:19:25	MarkDuplicates	Tracking 200772 as yet unmatched pairs. 2271 records in RAM.
INFO	2024-08-05 18:19:28	MarkDuplicates	Read    37,000,000 records.  Elapsed time: 00:02:13s.  Time for last 1,000,000:    2s.  Last read position: chr1:98,650,998
INFO	2024-08-05 18:19:28	MarkDuplicates	Tracking 205986 as yet unmatched pairs. 2277 records in RAM.
INFO	2024-08-05 18:19:30	MarkDuplicates	Read    38,000,000 records.  Elapsed time: 00:02:16s.  Time for last 1,000,000:    2s.  Last read position: chr1:101,413,786
INFO	2024-08-05 18:19:30	MarkDuplicates	Tracking 211350 as yet unmatched pairs. 2297 records in RAM.
INFO	2024-08-05 18:19:45	MarkDuplicates	Read    39,000,000 records.  Elapsed time: 00:02:31s.  Time for last 1,000,000:   15s.  Last read position: chr1:104,201,789
INFO	2024-08-05 18:19:45	MarkDuplicates	Tracking 217017 as yet unmatched pairs. 2341 records in RAM.
INFO	2024-08-05 18:19:49	MarkDuplicates	Read    40,000,000 records.  Elapsed time: 00:02:34s.  Time for last 1,000,000:    3s.  Last read position: chr1:107,037,280
INFO	2024-08-05 18:19:49	MarkDuplicates	Tracking 223399 as yet unmatched pairs. 2388 records in RAM.
INFO	2024-08-05 18:19:53	MarkDuplicates	Read    41,000,000 records.  Elapsed time: 00:02:38s.  Time for last 1,000,000:    3s.  Last read position: chr1:109,736,060
INFO	2024-08-05 18:19:53	MarkDuplicates	Tracking 228701 as yet unmatched pairs. 2424 records in RAM.
INFO	2024-08-05 18:19:56	MarkDuplicates	Read    42,000,000 records.  Elapsed time: 00:02:42s.  Time for last 1,000,000:    3s.  Last read position: chr1:112,387,770
INFO	2024-08-05 18:19:56	MarkDuplicates	Tracking 233720 as yet unmatched pairs. 2407 records in RAM.
INFO	2024-08-05 18:20:01	MarkDuplicates	Read    43,000,000 records.  Elapsed time: 00:02:46s.  Time for last 1,000,000:    4s.  Last read position: chr1:115,093,642
INFO	2024-08-05 18:20:01	MarkDuplicates	Tracking 239047 as yet unmatched pairs. 2413 records in RAM.
INFO	2024-08-05 18:20:03	MarkDuplicates	Read    44,000,000 records.  Elapsed time: 00:02:49s.  Time for last 1,000,000:    2s.  Last read position: chr1:117,785,737
INFO	2024-08-05 18:20:03	MarkDuplicates	Tracking 243948 as yet unmatched pairs. 2432 records in RAM.
INFO	2024-08-05 18:20:06	MarkDuplicates	Read    45,000,000 records.  Elapsed time: 00:02:52s.  Time for last 1,000,000:    2s.  Last read position: chr1:120,498,915
INFO	2024-08-05 18:20:06	MarkDuplicates	Tracking 249391 as yet unmatched pairs. 2663 records in RAM.
INFO	2024-08-05 18:20:11	MarkDuplicates	Read    46,000,000 records.  Elapsed time: 00:02:56s.  Time for last 1,000,000:    4s.  Last read position: chr1:122,877,335
INFO	2024-08-05 18:20:11	MarkDuplicates	Tracking 281397 as yet unmatched pairs. 10071 records in RAM.
INFO	2024-08-05 18:20:14	MarkDuplicates	Read    47,000,000 records.  Elapsed time: 00:03:00s.  Time for last 1,000,000:    3s.  Last read position: chr1:124,367,490
INFO	2024-08-05 18:20:14	MarkDuplicates	Tracking 367870 as yet unmatched pairs. 13684 records in RAM.
INFO	2024-08-05 18:20:17	MarkDuplicates	Read    48,000,000 records.  Elapsed time: 00:03:03s.  Time for last 1,000,000:    3s.  Last read position: chr1:125,179,816
INFO	2024-08-05 18:20:17	MarkDuplicates	Tracking 477133 as yet unmatched pairs. 83207 records in RAM.
INFO	2024-08-05 18:20:20	MarkDuplicates	Read    49,000,000 records.  Elapsed time: 00:03:06s.  Time for last 1,000,000:    3s.  Last read position: chr1:143,200,662
INFO	2024-08-05 18:20:20	MarkDuplicates	Tracking 429828 as yet unmatched pairs. 30335 records in RAM.
INFO	2024-08-05 18:20:25	MarkDuplicates	Read    50,000,000 records.  Elapsed time: 00:03:10s.  Time for last 1,000,000:    4s.  Last read position: chr1:143,231,254
INFO	2024-08-05 18:20:25	MarkDuplicates	Tracking 433593 as yet unmatched pairs. 29452 records in RAM.
INFO	2024-08-05 18:20:28	MarkDuplicates	Read    51,000,000 records.  Elapsed time: 00:03:13s.  Time for last 1,000,000:    3s.  Last read position: chr1:143,961,613
INFO	2024-08-05 18:20:28	MarkDuplicates	Tracking 414923 as yet unmatched pairs. 3197 records in RAM.
INFO	2024-08-05 18:20:31	MarkDuplicates	Read    52,000,000 records.  Elapsed time: 00:03:16s.  Time for last 1,000,000:    3s.  Last read position: chr1:146,653,679
INFO	2024-08-05 18:20:31	MarkDuplicates	Tracking 421775 as yet unmatched pairs. 3099 records in RAM.
INFO	2024-08-05 18:20:34	MarkDuplicates	Read    53,000,000 records.  Elapsed time: 00:03:19s.  Time for last 1,000,000:    3s.  Last read position: chr1:149,253,529
INFO	2024-08-05 18:20:34	MarkDuplicates	Tracking 426689 as yet unmatched pairs. 2694 records in RAM.
INFO	2024-08-05 18:20:38	MarkDuplicates	Read    54,000,000 records.  Elapsed time: 00:03:24s.  Time for last 1,000,000:    4s.  Last read position: chr1:151,851,133
INFO	2024-08-05 18:20:38	MarkDuplicates	Tracking 431421 as yet unmatched pairs. 2329 records in RAM.
INFO	2024-08-05 18:20:41	MarkDuplicates	Read    55,000,000 records.  Elapsed time: 00:03:27s.  Time for last 1,000,000:    2s.  Last read position: chr1:154,561,981
INFO	2024-08-05 18:20:41	MarkDuplicates	Tracking 436739 as yet unmatched pairs. 2285 records in RAM.
INFO	2024-08-05 18:20:44	MarkDuplicates	Read    56,000,000 records.  Elapsed time: 00:03:29s.  Time for last 1,000,000:    2s.  Last read position: chr1:157,183,023
INFO	2024-08-05 18:20:44	MarkDuplicates	Tracking 441882 as yet unmatched pairs. 2242 records in RAM.
INFO	2024-08-05 18:20:48	MarkDuplicates	Read    57,000,000 records.  Elapsed time: 00:03:34s.  Time for last 1,000,000:    4s.  Last read position: chr1:159,869,615
INFO	2024-08-05 18:20:48	MarkDuplicates	Tracking 446858 as yet unmatched pairs. 2217 records in RAM.
INFO	2024-08-05 18:20:51	MarkDuplicates	Read    58,000,000 records.  Elapsed time: 00:03:37s.  Time for last 1,000,000:    2s.  Last read position: chr1:162,426,488
INFO	2024-08-05 18:20:51	MarkDuplicates	Tracking 452000 as yet unmatched pairs. 2226 records in RAM.
INFO	2024-08-05 18:20:54	MarkDuplicates	Read    59,000,000 records.  Elapsed time: 00:03:40s.  Time for last 1,000,000:    3s.  Last read position: chr1:165,153,130
INFO	2024-08-05 18:20:54	MarkDuplicates	Tracking 457199 as yet unmatched pairs. 2196 records in RAM.
INFO	2024-08-05 18:20:57	MarkDuplicates	Read    60,000,000 records.  Elapsed time: 00:03:43s.  Time for last 1,000,000:    2s.  Last read position: chr1:167,855,911
INFO	2024-08-05 18:20:57	MarkDuplicates	Tracking 462401 as yet unmatched pairs. 2128 records in RAM.
INFO	2024-08-05 18:21:01	MarkDuplicates	Read    61,000,000 records.  Elapsed time: 00:03:47s.  Time for last 1,000,000:    4s.  Last read position: chr1:170,607,422
INFO	2024-08-05 18:21:01	MarkDuplicates	Tracking 467843 as yet unmatched pairs. 2173 records in RAM.
INFO	2024-08-05 18:21:04	MarkDuplicates	Read    62,000,000 records.  Elapsed time: 00:03:49s.  Time for last 1,000,000:    2s.  Last read position: chr1:173,354,978
INFO	2024-08-05 18:21:04	MarkDuplicates	Tracking 472766 as yet unmatched pairs. 2145 records in RAM.
INFO	2024-08-05 18:21:07	MarkDuplicates	Read    63,000,000 records.  Elapsed time: 00:03:52s.  Time for last 1,000,000:    2s.  Last read position: chr1:176,075,231
INFO	2024-08-05 18:21:07	MarkDuplicates	Tracking 477963 as yet unmatched pairs. 2148 records in RAM.
INFO	2024-08-05 18:21:10	MarkDuplicates	Read    64,000,000 records.  Elapsed time: 00:03:56s.  Time for last 1,000,000:    3s.  Last read position: chr1:178,804,615
INFO	2024-08-05 18:21:10	MarkDuplicates	Tracking 482763 as yet unmatched pairs. 2088 records in RAM.
INFO	2024-08-05 18:21:31	MarkDuplicates	Read    65,000,000 records.  Elapsed time: 00:04:17s.  Time for last 1,000,000:   20s.  Last read position: chr1:181,515,863
INFO	2024-08-05 18:21:31	MarkDuplicates	Tracking 488095 as yet unmatched pairs. 2018 records in RAM.
INFO	2024-08-05 18:21:34	MarkDuplicates	Read    66,000,000 records.  Elapsed time: 00:04:19s.  Time for last 1,000,000:    2s.  Last read position: chr1:184,211,246
INFO	2024-08-05 18:21:34	MarkDuplicates	Tracking 492981 as yet unmatched pairs. 1911 records in RAM.
INFO	2024-08-05 18:21:37	MarkDuplicates	Read    67,000,000 records.  Elapsed time: 00:04:22s.  Time for last 1,000,000:    2s.  Last read position: chr1:186,954,539
INFO	2024-08-05 18:21:37	MarkDuplicates	Tracking 498009 as yet unmatched pairs. 1906 records in RAM.
INFO	2024-08-05 18:21:41	MarkDuplicates	Read    68,000,000 records.  Elapsed time: 00:04:26s.  Time for last 1,000,000:    4s.  Last read position: chr1:189,810,473
INFO	2024-08-05 18:21:41	MarkDuplicates	Tracking 504202 as yet unmatched pairs. 1843 records in RAM.
INFO	2024-08-05 18:21:44	MarkDuplicates	Read    69,000,000 records.  Elapsed time: 00:04:29s.  Time for last 1,000,000:    2s.  Last read position: chr1:192,655,732
INFO	2024-08-05 18:21:44	MarkDuplicates	Tracking 509922 as yet unmatched pairs. 1789 records in RAM.
INFO	2024-08-05 18:21:47	MarkDuplicates	Read    70,000,000 records.  Elapsed time: 00:04:32s.  Time for last 1,000,000:    2s.  Last read position: chr1:195,489,019
INFO	2024-08-05 18:21:47	MarkDuplicates	Tracking 515269 as yet unmatched pairs. 1766 records in RAM.
INFO	2024-08-05 18:21:49	MarkDuplicates	Read    71,000,000 records.  Elapsed time: 00:04:35s.  Time for last 1,000,000:    2s.  Last read position: chr1:198,322,643
INFO	2024-08-05 18:21:49	MarkDuplicates	Tracking 520757 as yet unmatched pairs. 1739 records in RAM.
INFO	2024-08-05 18:21:54	MarkDuplicates	Read    72,000,000 records.  Elapsed time: 00:04:39s.  Time for last 1,000,000:    4s.  Last read position: chr1:201,227,358
INFO	2024-08-05 18:21:54	MarkDuplicates	Tracking 526139 as yet unmatched pairs. 1693 records in RAM.
INFO	2024-08-05 18:21:57	MarkDuplicates	Read    73,000,000 records.  Elapsed time: 00:04:42s.  Time for last 1,000,000:    3s.  Last read position: chr1:203,834,003
INFO	2024-08-05 18:21:57	MarkDuplicates	Tracking 531053 as yet unmatched pairs. 1638 records in RAM.
INFO	2024-08-05 18:22:00	MarkDuplicates	Read    74,000,000 records.  Elapsed time: 00:04:45s.  Time for last 1,000,000:    2s.  Last read position: chr1:206,436,051
INFO	2024-08-05 18:22:00	MarkDuplicates	Tracking 535870 as yet unmatched pairs. 1470 records in RAM.
INFO	2024-08-05 18:22:02	MarkDuplicates	Read    75,000,000 records.  Elapsed time: 00:04:48s.  Time for last 1,000,000:    2s.  Last read position: chr1:209,112,971
INFO	2024-08-05 18:22:02	MarkDuplicates	Tracking 540696 as yet unmatched pairs. 1395 records in RAM.
INFO	2024-08-05 18:22:07	MarkDuplicates	Read    76,000,000 records.  Elapsed time: 00:04:52s.  Time for last 1,000,000:    4s.  Last read position: chr1:211,828,169
INFO	2024-08-05 18:22:07	MarkDuplicates	Tracking 545761 as yet unmatched pairs. 1358 records in RAM.
INFO	2024-08-05 18:22:10	MarkDuplicates	Read    77,000,000 records.  Elapsed time: 00:04:55s.  Time for last 1,000,000:    2s.  Last read position: chr1:214,529,957
INFO	2024-08-05 18:22:10	MarkDuplicates	Tracking 550846 as yet unmatched pairs. 1286 records in RAM.
INFO	2024-08-05 18:22:13	MarkDuplicates	Read    78,000,000 records.  Elapsed time: 00:04:59s.  Time for last 1,000,000:    3s.  Last read position: chr1:217,264,477
INFO	2024-08-05 18:22:13	MarkDuplicates	Tracking 555809 as yet unmatched pairs. 1284 records in RAM.
INFO	2024-08-05 18:22:18	MarkDuplicates	Read    79,000,000 records.  Elapsed time: 00:05:03s.  Time for last 1,000,000:    4s.  Last read position: chr1:220,061,439
INFO	2024-08-05 18:22:18	MarkDuplicates	Tracking 560968 as yet unmatched pairs. 1196 records in RAM.
INFO	2024-08-05 18:22:20	MarkDuplicates	Read    80,000,000 records.  Elapsed time: 00:05:06s.  Time for last 1,000,000:    2s.  Last read position: chr1:222,796,987
INFO	2024-08-05 18:22:20	MarkDuplicates	Tracking 566172 as yet unmatched pairs. 1152 records in RAM.
INFO	2024-08-05 18:22:23	MarkDuplicates	Read    81,000,000 records.  Elapsed time: 00:05:09s.  Time for last 1,000,000:    2s.  Last read position: chr1:225,514,434
INFO	2024-08-05 18:22:23	MarkDuplicates	Tracking 576192 as yet unmatched pairs. 880 records in RAM.
INFO	2024-08-05 18:22:26	MarkDuplicates	Read    82,000,000 records.  Elapsed time: 00:05:11s.  Time for last 1,000,000:    2s.  Last read position: chr1:228,177,923
INFO	2024-08-05 18:22:26	MarkDuplicates	Tracking 581450 as yet unmatched pairs. 803 records in RAM.
INFO	2024-08-05 18:22:30	MarkDuplicates	Read    83,000,000 records.  Elapsed time: 00:05:16s.  Time for last 1,000,000:    4s.  Last read position: chr1:230,715,006
INFO	2024-08-05 18:22:30	MarkDuplicates	Tracking 586355 as yet unmatched pairs. 754 records in RAM.
INFO	2024-08-05 18:22:33	MarkDuplicates	Read    84,000,000 records.  Elapsed time: 00:05:19s.  Time for last 1,000,000:    2s.  Last read position: chr1:233,412,712
INFO	2024-08-05 18:22:33	MarkDuplicates	Tracking 591529 as yet unmatched pairs. 672 records in RAM.
INFO	2024-08-05 18:22:36	MarkDuplicates	Read    85,000,000 records.  Elapsed time: 00:05:21s.  Time for last 1,000,000:    2s.  Last read position: chr1:236,044,564
INFO	2024-08-05 18:22:36	MarkDuplicates	Tracking 596392 as yet unmatched pairs. 440 records in RAM.
INFO	2024-08-05 18:22:40	MarkDuplicates	Read    86,000,000 records.  Elapsed time: 00:05:25s.  Time for last 1,000,000:    4s.  Last read position: chr1:238,782,324
INFO	2024-08-05 18:22:40	MarkDuplicates	Tracking 601465 as yet unmatched pairs. 382 records in RAM.
INFO	2024-08-05 18:22:43	MarkDuplicates	Read    87,000,000 records.  Elapsed time: 00:05:28s.  Time for last 1,000,000:    2s.  Last read position: chr1:241,571,150
INFO	2024-08-05 18:22:43	MarkDuplicates	Tracking 606563 as yet unmatched pairs. 331 records in RAM.
INFO	2024-08-05 18:22:46	MarkDuplicates	Read    88,000,000 records.  Elapsed time: 00:05:31s.  Time for last 1,000,000:    2s.  Last read position: chr1:244,755,603
INFO	2024-08-05 18:22:46	MarkDuplicates	Tracking 612193 as yet unmatched pairs. 246 records in RAM.
INFO	2024-08-05 18:22:49	MarkDuplicates	Read    89,000,000 records.  Elapsed time: 00:05:34s.  Time for last 1,000,000:    2s.  Last read position: chr1:247,628,740
INFO	2024-08-05 18:22:49	MarkDuplicates	Tracking 617705 as yet unmatched pairs. 119 records in RAM.
INFO	2024-08-05 18:23:16	MarkDuplicates	Read    90,000,000 records.  Elapsed time: 00:06:01s.  Time for last 1,000,000:   27s.  Last read position: chr10:1,265,649
INFO	2024-08-05 18:23:16	MarkDuplicates	Tracking 624168 as yet unmatched pairs. 10367 records in RAM.
INFO	2024-08-05 18:23:20	MarkDuplicates	Read    91,000,000 records.  Elapsed time: 00:06:05s.  Time for last 1,000,000:    3s.  Last read position: chr10:3,924,183
INFO	2024-08-05 18:23:20	MarkDuplicates	Tracking 629557 as yet unmatched pairs. 10343 records in RAM.
INFO	2024-08-05 18:23:23	MarkDuplicates	Read    92,000,000 records.  Elapsed time: 00:06:09s.  Time for last 1,000,000:    3s.  Last read position: chr10:6,600,971
INFO	2024-08-05 18:23:23	MarkDuplicates	Tracking 634503 as yet unmatched pairs. 10319 records in RAM.
INFO	2024-08-05 18:23:27	MarkDuplicates	Read    93,000,000 records.  Elapsed time: 00:06:12s.  Time for last 1,000,000:    3s.  Last read position: chr10:9,306,009
INFO	2024-08-05 18:23:27	MarkDuplicates	Tracking 639971 as yet unmatched pairs. 10242 records in RAM.
INFO	2024-08-05 18:23:31	MarkDuplicates	Read    94,000,000 records.  Elapsed time: 00:06:16s.  Time for last 1,000,000:    3s.  Last read position: chr10:12,006,777
INFO	2024-08-05 18:23:31	MarkDuplicates	Tracking 645159 as yet unmatched pairs. 10195 records in RAM.
INFO	2024-08-05 18:23:33	MarkDuplicates	Read    95,000,000 records.  Elapsed time: 00:06:19s.  Time for last 1,000,000:    2s.  Last read position: chr10:14,646,488
INFO	2024-08-05 18:23:33	MarkDuplicates	Tracking 650504 as yet unmatched pairs. 10156 records in RAM.
INFO	2024-08-05 18:23:36	MarkDuplicates	Read    96,000,000 records.  Elapsed time: 00:06:22s.  Time for last 1,000,000:    2s.  Last read position: chr10:17,337,576
INFO	2024-08-05 18:23:36	MarkDuplicates	Tracking 655610 as yet unmatched pairs. 10093 records in RAM.
INFO	2024-08-05 18:23:41	MarkDuplicates	Read    97,000,000 records.  Elapsed time: 00:06:26s.  Time for last 1,000,000:    4s.  Last read position: chr10:20,074,313
INFO	2024-08-05 18:23:41	MarkDuplicates	Tracking 661254 as yet unmatched pairs. 10014 records in RAM.
INFO	2024-08-05 18:23:44	MarkDuplicates	Read    98,000,000 records.  Elapsed time: 00:06:29s.  Time for last 1,000,000:    2s.  Last read position: chr10:22,828,560
INFO	2024-08-05 18:23:44	MarkDuplicates	Tracking 666233 as yet unmatched pairs. 9966 records in RAM.
INFO	2024-08-05 18:23:46	MarkDuplicates	Read    99,000,000 records.  Elapsed time: 00:06:32s.  Time for last 1,000,000:    2s.  Last read position: chr10:25,567,816
INFO	2024-08-05 18:23:46	MarkDuplicates	Tracking 671340 as yet unmatched pairs. 9888 records in RAM.
INFO	2024-08-05 18:23:49	MarkDuplicates	Read   100,000,000 records.  Elapsed time: 00:06:35s.  Time for last 1,000,000:    2s.  Last read position: chr10:28,352,943
INFO	2024-08-05 18:23:49	MarkDuplicates	Tracking 676293 as yet unmatched pairs. 9873 records in RAM.
INFO	2024-08-05 18:23:53	MarkDuplicates	Read   101,000,000 records.  Elapsed time: 00:06:39s.  Time for last 1,000,000:    4s.  Last read position: chr10:31,035,882
INFO	2024-08-05 18:23:53	MarkDuplicates	Tracking 681674 as yet unmatched pairs. 9850 records in RAM.
